<?xml version="1.0" encoding="UTF-8"?>
<testng-results ignored="0" total="1" passed="1" failed="0" skipped="0">
  <reporter-output>
  </reporter-output>
  <suite started-at="2023-05-22T08:28:34 IST" name="Default suite" finished-at="2023-05-22T08:29:47 IST" duration-ms="72074">
    <groups>
    </groups>
    <test started-at="2023-05-22T08:28:34 IST" name="Default test" finished-at="2023-05-22T08:29:47 IST" duration-ms="72074">
      <class name="workingWithTestNG.SearchBusesForThreeDifferentFromAndToLocations">
        <test-method signature="searchBusesForThreeDifferentFromAndToLocations()[pri:0, instance:workingWithTestNG.SearchBusesForThreeDifferentFromAndToLocations@3cc1435c]" started-at="2023-05-22T08:28:34 IST" name="searchBusesForThreeDifferentFromAndToLocations" finished-at="2023-05-22T08:29:47 IST" duration-ms="72032" status="PASS">
          <reporter-output>
          </reporter-output>
        </test-method> <!-- searchBusesForThreeDifferentFromAndToLocations -->
      </class> <!-- workingWithTestNG.SearchBusesForThreeDifferentFromAndToLocations -->
    </test> <!-- Default test -->
  </suite> <!-- Default suite -->
</testng-results>
